mode: set
github.com/nbanitama-tech/runlog-api/internal/usecase/activity_usecase.go:15.86,17.2 1 1
github.com/nbanitama-tech/runlog-api/internal/usecase/activity_usecase.go:29.28,31.20 2 1
github.com/nbanitama-tech/runlog-api/internal/usecase/activity_usecase.go:31.20,33.3 1 1
github.com/nbanitama-tech/runlog-api/internal/usecase/activity_usecase.go:35.2,35.21 1 1
github.com/nbanitama-tech/runlog-api/internal/usecase/activity_usecase.go:35.21,37.3 1 0
github.com/nbanitama-tech/runlog-api/internal/usecase/activity_usecase.go:39.2,51.61 2 1
github.com/nbanitama-tech/runlog-api/internal/usecase/activity_usecase.go:51.61,53.3 1 0
github.com/nbanitama-tech/runlog-api/internal/usecase/activity_usecase.go:55.2,55.22 1 1
github.com/nbanitama-tech/runlog-api/internal/usecase/activity_usecase.go:58.102,60.2 1 1
github.com/nbanitama-tech/runlog-api/internal/usecase/activity_usecase.go:62.108,64.2 1 1
github.com/nbanitama-tech/runlog-api/internal/usecase/activity_usecase.go:77.28,79.20 2 1
github.com/nbanitama-tech/runlog-api/internal/usecase/activity_usecase.go:79.20,81.3 1 1
github.com/nbanitama-tech/runlog-api/internal/usecase/activity_usecase.go:83.2,83.21 1 1
github.com/nbanitama-tech/runlog-api/internal/usecase/activity_usecase.go:83.21,85.3 1 0
github.com/nbanitama-tech/runlog-api/internal/usecase/activity_usecase.go:87.2,100.61 2 1
github.com/nbanitama-tech/runlog-api/internal/usecase/activity_usecase.go:100.61,102.3 1 0
github.com/nbanitama-tech/runlog-api/internal/usecase/activity_usecase.go:104.2,104.22 1 1
github.com/nbanitama-tech/runlog-api/internal/usecase/activity_usecase.go:107.88,109.2 1 1
github.com/nbanitama-tech/runlog-api/internal/usecase/user_usecase.go:24.108,30.2 1 1
github.com/nbanitama-tech/runlog-api/internal/usecase/user_usecase.go:32.104,34.16 2 1
github.com/nbanitama-tech/runlog-api/internal/usecase/user_usecase.go:34.16,36.3 1 0
github.com/nbanitama-tech/runlog-api/internal/usecase/user_usecase.go:38.2,44.53 2 1
github.com/nbanitama-tech/runlog-api/internal/usecase/user_usecase.go:44.53,46.3 1 0
github.com/nbanitama-tech/runlog-api/internal/usecase/user_usecase.go:48.2,48.18 1 1
github.com/nbanitama-tech/runlog-api/internal/usecase/user_usecase.go:51.96,53.16 2 1
github.com/nbanitama-tech/runlog-api/internal/usecase/user_usecase.go:53.16,55.3 1 0
github.com/nbanitama-tech/runlog-api/internal/usecase/user_usecase.go:57.2,57.99 1 1
github.com/nbanitama-tech/runlog-api/internal/usecase/user_usecase.go:57.99,59.3 1 1
github.com/nbanitama-tech/runlog-api/internal/usecase/user_usecase.go:61.2,62.22 2 1
github.com/nbanitama-tech/runlog-api/internal/usecase/user_usecase.go:62.22,64.3 1 0
github.com/nbanitama-tech/runlog-api/internal/usecase/user_usecase.go:66.2,67.16 2 1
github.com/nbanitama-tech/runlog-api/internal/usecase/user_usecase.go:67.16,69.3 1 0
github.com/nbanitama-tech/runlog-api/internal/usecase/user_usecase.go:71.2,74.8 1 1
github.com/nbanitama-tech/runlog-api/internal/handler/activity_handler.go:18.84,20.2 1 0
github.com/nbanitama-tech/runlog-api/internal/handler/activity_handler.go:22.50,26.47 3 0
github.com/nbanitama-tech/runlog-api/internal/handler/activity_handler.go:26.47,29.3 2 0
github.com/nbanitama-tech/runlog-api/internal/handler/activity_handler.go:31.2,32.16 2 0
github.com/nbanitama-tech/runlog-api/internal/handler/activity_handler.go:32.16,35.3 2 0
github.com/nbanitama-tech/runlog-api/internal/handler/activity_handler.go:37.2,48.16 2 0
github.com/nbanitama-tech/runlog-api/internal/handler/activity_handler.go:48.16,51.3 2 0
github.com/nbanitama-tech/runlog-api/internal/handler/activity_handler.go:53.2,53.56 1 0
github.com/nbanitama-tech/runlog-api/internal/handler/activity_handler.go:56.48,60.16 3 0
github.com/nbanitama-tech/runlog-api/internal/handler/activity_handler.go:60.16,63.3 2 0
github.com/nbanitama-tech/runlog-api/internal/handler/activity_handler.go:65.2,65.53 1 0
github.com/nbanitama-tech/runlog-api/internal/handler/activity_handler.go:68.50,73.16 4 0
github.com/nbanitama-tech/runlog-api/internal/handler/activity_handler.go:73.16,74.52 1 0
github.com/nbanitama-tech/runlog-api/internal/handler/activity_handler.go:74.52,77.4 2 0
github.com/nbanitama-tech/runlog-api/internal/handler/activity_handler.go:78.3,80.9 2 0
github.com/nbanitama-tech/runlog-api/internal/handler/activity_handler.go:83.2,83.51 1 0
github.com/nbanitama-tech/runlog-api/internal/handler/activity_handler.go:96.50,101.47 4 0
github.com/nbanitama-tech/runlog-api/internal/handler/activity_handler.go:101.47,104.3 2 0
github.com/nbanitama-tech/runlog-api/internal/handler/activity_handler.go:106.2,107.16 2 0
github.com/nbanitama-tech/runlog-api/internal/handler/activity_handler.go:107.16,110.3 2 0
github.com/nbanitama-tech/runlog-api/internal/handler/activity_handler.go:112.2,124.16 2 0
github.com/nbanitama-tech/runlog-api/internal/handler/activity_handler.go:124.16,125.52 1 0
github.com/nbanitama-tech/runlog-api/internal/handler/activity_handler.go:125.52,128.4 2 0
github.com/nbanitama-tech/runlog-api/internal/handler/activity_handler.go:129.3,130.9 2 0
github.com/nbanitama-tech/runlog-api/internal/handler/activity_handler.go:133.2,133.51 1 0
github.com/nbanitama-tech/runlog-api/internal/handler/activity_handler.go:136.50,141.16 4 0
github.com/nbanitama-tech/runlog-api/internal/handler/activity_handler.go:141.16,142.52 1 0
github.com/nbanitama-tech/runlog-api/internal/handler/activity_handler.go:142.52,145.4 2 0
github.com/nbanitama-tech/runlog-api/internal/handler/activity_handler.go:147.3,148.9 2 0
github.com/nbanitama-tech/runlog-api/internal/handler/activity_handler.go:151.2,151.23 1 0
github.com/nbanitama-tech/runlog-api/internal/handler/health_handler.go:19.105,25.2 1 0
github.com/nbanitama-tech/runlog-api/internal/handler/health_handler.go:27.47,35.39 6 0
github.com/nbanitama-tech/runlog-api/internal/handler/health_handler.go:35.39,39.3 3 0
github.com/nbanitama-tech/runlog-api/internal/handler/health_handler.go:41.2,51.4 1 0
github.com/nbanitama-tech/runlog-api/internal/handler/health_handler.go:54.50,63.2 1 0
github.com/nbanitama-tech/runlog-api/internal/handler/health_handler.go:65.51,73.39 6 0
github.com/nbanitama-tech/runlog-api/internal/handler/health_handler.go:73.39,77.3 3 0
github.com/nbanitama-tech/runlog-api/internal/handler/health_handler.go:79.2,88.4 1 0
github.com/nbanitama-tech/runlog-api/internal/handler/user_handler.go:15.68,17.2 1 0
github.com/nbanitama-tech/runlog-api/internal/handler/user_handler.go:19.48,22.47 2 0
github.com/nbanitama-tech/runlog-api/internal/handler/user_handler.go:22.47,25.3 2 0
github.com/nbanitama-tech/runlog-api/internal/handler/user_handler.go:27.2,28.16 2 0
github.com/nbanitama-tech/runlog-api/internal/handler/user_handler.go:28.16,31.3 2 0
github.com/nbanitama-tech/runlog-api/internal/handler/user_handler.go:33.2,33.27 1 0
github.com/nbanitama-tech/runlog-api/internal/handler/user_handler.go:36.45,39.47 2 0
github.com/nbanitama-tech/runlog-api/internal/handler/user_handler.go:39.47,42.3 2 0
github.com/nbanitama-tech/runlog-api/internal/handler/user_handler.go:44.2,45.16 2 0
github.com/nbanitama-tech/runlog-api/internal/handler/user_handler.go:45.16,46.45 1 0
github.com/nbanitama-tech/runlog-api/internal/handler/user_handler.go:46.45,49.4 2 0
github.com/nbanitama-tech/runlog-api/internal/handler/user_handler.go:50.3,51.9 2 0
github.com/nbanitama-tech/runlog-api/internal/handler/user_handler.go:55.2,62.4 1 0
github.com/nbanitama-tech/runlog-api/internal/handler/user_handler.go:65.47,73.2 3 0
github.com/nbanitama-tech/runlog-api/internal/config/database.go:13.86,15.2 1 0
github.com/nbanitama-tech/runlog-api/internal/config/loader.go:12.30,16.16 3 0
github.com/nbanitama-tech/runlog-api/internal/config/loader.go:16.16,18.3 1 0
github.com/nbanitama-tech/runlog-api/internal/config/loader.go:20.2,39.38 2 0
github.com/nbanitama-tech/runlog-api/internal/config/loader.go:39.38,41.3 1 0
github.com/nbanitama-tech/runlog-api/internal/config/loader.go:43.2,43.17 1 0
github.com/nbanitama-tech/runlog-api/internal/config/loader.go:46.34,47.28 1 0
github.com/nbanitama-tech/runlog-api/internal/config/loader.go:47.28,49.3 1 0
github.com/nbanitama-tech/runlog-api/internal/config/loader.go:51.2,51.26 1 0
github.com/nbanitama-tech/runlog-api/internal/config/loader.go:51.26,53.3 1 0
github.com/nbanitama-tech/runlog-api/internal/config/loader.go:55.2,55.12 1 0
github.com/nbanitama-tech/runlog-api/internal/config/loader.go:58.42,60.17 2 0
github.com/nbanitama-tech/runlog-api/internal/config/loader.go:60.17,62.3 1 0
github.com/nbanitama-tech/runlog-api/internal/config/loader.go:64.2,64.14 1 0
github.com/nbanitama-tech/runlog-api/internal/config/loader.go:67.38,71.29 3 0
github.com/nbanitama-tech/runlog-api/internal/config/loader.go:71.29,73.17 2 0
github.com/nbanitama-tech/runlog-api/internal/config/loader.go:73.17,75.4 1 0
github.com/nbanitama-tech/runlog-api/internal/config/loader.go:78.2,78.15 1 0
github.com/nbanitama-tech/runlog-api/pkg/response/response.go:9.35,13.2 1 0
github.com/nbanitama-tech/runlog-api/pkg/response/response.go:15.40,19.2 1 0
github.com/nbanitama-tech/runlog-api/pkg/response/response.go:21.49,25.2 1 0
github.com/nbanitama-tech/runlog-api/pkg/response/response.go:27.51,31.2 1 0
github.com/nbanitama-tech/runlog-api/pkg/response/response.go:33.47,37.2 1 0
github.com/nbanitama-tech/runlog-api/pkg/response/response.go:39.42,43.2 1 0
github.com/nbanitama-tech/runlog-api/pkg/response/response.go:45.32,47.2 1 0
github.com/nbanitama-tech/runlog-api/pkg/middleware/auth_middleware.go:11.55,12.30 1 0
github.com/nbanitama-tech/runlog-api/pkg/middleware/auth_middleware.go:12.30,15.23 2 0
github.com/nbanitama-tech/runlog-api/pkg/middleware/auth_middleware.go:15.23,21.4 3 0
github.com/nbanitama-tech/runlog-api/pkg/middleware/auth_middleware.go:23.3,23.48 1 0
github.com/nbanitama-tech/runlog-api/pkg/middleware/auth_middleware.go:23.48,29.4 3 0
github.com/nbanitama-tech/runlog-api/pkg/middleware/auth_middleware.go:31.3,34.17 3 0
github.com/nbanitama-tech/runlog-api/pkg/middleware/auth_middleware.go:34.17,40.4 3 0
github.com/nbanitama-tech/runlog-api/pkg/middleware/auth_middleware.go:42.3,45.11 3 0
github.com/nbanitama-tech/runlog-api/pkg/middleware/cors_middleware.go:10.60,29.2 1 0
github.com/nbanitama-tech/runlog-api/pkg/middleware/logger_middleware.go:10.57,11.30 1 0
github.com/nbanitama-tech/runlog-api/pkg/middleware/logger_middleware.go:11.30,28.3 4 0
github.com/nbanitama-tech/runlog-api/pkg/middleware/request_id_middleware.go:8.44,9.30 1 0
github.com/nbanitama-tech/runlog-api/pkg/middleware/request_id_middleware.go:9.30,11.22 2 0
github.com/nbanitama-tech/runlog-api/pkg/middleware/request_id_middleware.go:11.22,13.4 1 0
github.com/nbanitama-tech/runlog-api/pkg/middleware/request_id_middleware.go:15.3,18.11 3 0
github.com/nbanitama-tech/runlog-api/pkg/logging/logging.go:8.25,14.2 2 0
github.com/nbanitama-tech/runlog-api/pkg/auth/jwt.go:15.83,25.2 3 0
github.com/nbanitama-tech/runlog-api/pkg/auth/jwt.go:27.65,28.83 1 0
github.com/nbanitama-tech/runlog-api/pkg/auth/jwt.go:28.83,30.3 1 0
github.com/nbanitama-tech/runlog-api/pkg/auth/jwt.go:31.2,31.32 1 0
github.com/nbanitama-tech/runlog-api/pkg/auth/jwt.go:31.32,33.3 1 0
github.com/nbanitama-tech/runlog-api/pkg/auth/jwt.go:35.2,36.9 2 0
github.com/nbanitama-tech/runlog-api/pkg/auth/jwt.go:36.9,38.3 1 0
github.com/nbanitama-tech/runlog-api/pkg/auth/jwt.go:40.2,41.9 2 0
github.com/nbanitama-tech/runlog-api/pkg/auth/jwt.go:41.9,43.3 1 0
github.com/nbanitama-tech/runlog-api/pkg/auth/jwt.go:45.2,46.9 2 0
github.com/nbanitama-tech/runlog-api/pkg/auth/jwt.go:46.9,48.3 1 0
github.com/nbanitama-tech/runlog-api/pkg/auth/jwt.go:50.2,53.8 1 0
github.com/nbanitama-tech/runlog-api/pkg/dto/activity_mapper.go:5.67,19.2 1 0
github.com/nbanitama-tech/runlog-api/pkg/dto/activity_mapper.go:21.74,24.38 2 0
github.com/nbanitama-tech/runlog-api/pkg/dto/activity_mapper.go:24.38,26.3 1 0
github.com/nbanitama-tech/runlog-api/pkg/dto/activity_mapper.go:28.2,28.18 1 0
github.com/nbanitama-tech/runlog-api/cmd/api/main.go:21.13,26.16 4 0
github.com/nbanitama-tech/runlog-api/cmd/api/main.go:26.16,28.3 1 0
github.com/nbanitama-tech/runlog-api/cmd/api/main.go:30.2,31.16 2 0
github.com/nbanitama-tech/runlog-api/cmd/api/main.go:31.16,33.3 1 0
github.com/nbanitama-tech/runlog-api/cmd/api/main.go:34.2,46.37 9 0
github.com/nbanitama-tech/runlog-api/cmd/api/main.go:46.37,48.3 1 0
github.com/nbanitama-tech/runlog-api/cmd/api/main.go:50.2,63.2 11 0
github.com/nbanitama-tech/runlog-api/cmd/api/main.go:63.2,69.3 5 0
github.com/nbanitama-tech/runlog-api/cmd/api/main.go:69.3,76.4 6 0
github.com/nbanitama-tech/runlog-api/cmd/api/main.go:79.2,84.12 2 0
github.com/nbanitama-tech/runlog-api/cmd/api/main.go:84.12,85.77 1 0
github.com/nbanitama-tech/runlog-api/cmd/api/main.go:85.77,87.4 1 0
github.com/nbanitama-tech/runlog-api/cmd/api/main.go:90.2,98.50 6 0
github.com/nbanitama-tech/runlog-api/cmd/api/main.go:98.50,100.3 1 0
github.com/nbanitama-tech/runlog-api/cmd/api/main.go:102.2,102.41 1 0
github.com/nbanitama-tech/runlog-api/internal/repository/activity_repository.go:17.66,19.2 1 0
github.com/nbanitama-tech/runlog-api/internal/repository/activity_repository.go:21.90,44.2 2 0
github.com/nbanitama-tech/runlog-api/internal/repository/activity_repository.go:46.105,57.16 3 0
github.com/nbanitama-tech/runlog-api/internal/repository/activity_repository.go:57.16,59.3 1 0
github.com/nbanitama-tech/runlog-api/internal/repository/activity_repository.go:60.2,64.18 3 0
github.com/nbanitama-tech/runlog-api/internal/repository/activity_repository.go:64.18,81.17 3 0
github.com/nbanitama-tech/runlog-api/internal/repository/activity_repository.go:81.17,83.4 1 0
github.com/nbanitama-tech/runlog-api/internal/repository/activity_repository.go:85.3,85.44 1 0
github.com/nbanitama-tech/runlog-api/internal/repository/activity_repository.go:88.2,88.24 1 0
github.com/nbanitama-tech/runlog-api/internal/repository/activity_repository.go:91.112,116.16 4 0
github.com/nbanitama-tech/runlog-api/internal/repository/activity_repository.go:116.16,117.36 1 0
github.com/nbanitama-tech/runlog-api/internal/repository/activity_repository.go:117.36,119.4 1 0
github.com/nbanitama-tech/runlog-api/internal/repository/activity_repository.go:120.3,120.18 1 0
github.com/nbanitama-tech/runlog-api/internal/repository/activity_repository.go:123.2,123.22 1 0
github.com/nbanitama-tech/runlog-api/internal/repository/activity_repository.go:126.90,157.16 3 0
github.com/nbanitama-tech/runlog-api/internal/repository/activity_repository.go:157.16,158.36 1 0
github.com/nbanitama-tech/runlog-api/internal/repository/activity_repository.go:158.36,160.4 1 0
github.com/nbanitama-tech/runlog-api/internal/repository/activity_repository.go:163.2,163.12 1 0
github.com/nbanitama-tech/runlog-api/internal/repository/activity_repository.go:166.91,173.16 3 0
github.com/nbanitama-tech/runlog-api/internal/repository/activity_repository.go:173.16,175.3 1 0
github.com/nbanitama-tech/runlog-api/internal/repository/activity_repository.go:177.2,177.32 1 0
github.com/nbanitama-tech/runlog-api/internal/repository/activity_repository.go:177.32,179.3 1 0
github.com/nbanitama-tech/runlog-api/internal/repository/activity_repository.go:181.2,181.12 1 0
github.com/nbanitama-tech/runlog-api/internal/repository/user_repository.go:17.57,19.2 1 0
github.com/nbanitama-tech/runlog-api/internal/repository/user_repository.go:21.78,35.2 2 0
github.com/nbanitama-tech/runlog-api/internal/repository/user_repository.go:37.94,54.16 4 0
github.com/nbanitama-tech/runlog-api/internal/repository/user_repository.go:54.16,55.36 1 0
github.com/nbanitama-tech/runlog-api/internal/repository/user_repository.go:55.36,57.4 1 0
github.com/nbanitama-tech/runlog-api/internal/repository/user_repository.go:58.3,58.18 1 0
github.com/nbanitama-tech/runlog-api/internal/repository/user_repository.go:61.2,61.18 1 0
